2014/03/27 13:14:48 [error] [php] imagettfbbox(): Could not read font (E:\Soft\web\wamp\www\yii.loc\framework\web\widgets\captcha\CCaptchaAction.php:264)
Stack trace:
#0 E:\Soft\web\wamp\www\yii.loc\framework\web\widgets\captcha\CCaptchaAction.php(130): CCaptchaAction->renderImage()
#1 E:\Soft\web\wamp\www\yii.loc\framework\web\actions\CAction.php(76): CCaptchaAction->run()
#2 E:\Soft\web\wamp\www\yii.loc\framework\web\CController.php(308): CCaptchaAction->runWithParams()
#3 E:\Soft\web\wamp\www\yii.loc\framework\web\CController.php(286): SiteController->runAction()
#4 E:\Soft\web\wamp\www\yii.loc\framework\web\CController.php(265): SiteController->runActionWithFilters()
#5 E:\Soft\web\wamp\www\yii.loc\framework\web\CWebApplication.php(282): SiteController->run()
#6 E:\Soft\web\wamp\www\yii.loc\framework\web\CWebApplication.php(141): CWebApplication->runController()
#7 E:\Soft\web\wamp\www\yii.loc\framework\base\CApplication.php(180): CWebApplication->processRequest()
#8 E:\Soft\web\wamp\www\yii.loc\index.php(13): CWebApplication->run()
REQUEST_URI=/site/captcha?v=53342448a7d8c
in E:\Soft\web\wamp\www\yii.loc\index.php (13)
2014/03/27 13:25:17 [error] [php] include(YumWebUser.php): failed to open stream: No such file or directory (E:\Soft\web\wamp\www\yii.loc\framework\YiiBase.php:427)
Stack trace:
#0 E:\Soft\web\wamp\www\yii.loc\framework\YiiBase.php(217): spl_autoload_call()
#1 E:\Soft\web\wamp\www\yii.loc\framework\base\CModule.php(386): createComponent()
#2 E:\Soft\web\wamp\www\yii.loc\framework\base\CModule.php(103): CWebApplication->getComponent()
#3 E:\Soft\web\wamp\www\yii.loc\protected\views\layouts\main.php(35): CWebApplication->__get()
#4 E:\Soft\web\wamp\www\yii.loc\framework\web\CBaseController.php(126): require()
#5 E:\Soft\web\wamp\www\yii.loc\framework\web\CBaseController.php(95): SiteController->renderInternal()
#6 E:\Soft\web\wamp\www\yii.loc\framework\web\widgets\CContentDecorator.php(76): SiteController->renderFile()
#7 E:\Soft\web\wamp\www\yii.loc\framework\web\widgets\CContentDecorator.php(54): CContentDecorator->decorate()
#8 E:\Soft\web\wamp\www\yii.loc\framework\web\widgets\COutputProcessor.php(44): CContentDecorator->processOutput()
#9 E:\Soft\web\wamp\www\yii.loc\framework\web\CBaseController.php(206): CContentDecorator->run()
#10 E:\Soft\web\wamp\www\yii.loc\framework\web\CBaseController.php(300): SiteController->endWidget()
#11 E:\Soft\web\wamp\www\yii.loc\protected\views\layouts\column1.php(6): SiteController->endContent()
#12 E:\Soft\web\wamp\www\yii.loc\framework\web\CBaseController.php(126): require()
#13 E:\Soft\web\wamp\www\yii.loc\framework\web\CBaseController.php(95): SiteController->renderInternal()
#14 E:\Soft\web\wamp\www\yii.loc\framework\web\CController.php(784): SiteController->renderFile()
#15 E:\Soft\web\wamp\www\yii.loc\protected\controllers\SiteController.php(32): SiteController->render()
#16 E:\Soft\web\wamp\www\yii.loc\framework\web\actions\CInlineAction.php(49): SiteController->actionIndex()
#17 E:\Soft\web\wamp\www\yii.loc\framework\web\CController.php(308): CInlineAction->runWithParams()
#18 E:\Soft\web\wamp\www\yii.loc\framework\web\CController.php(286): SiteController->runAction()
#19 E:\Soft\web\wamp\www\yii.loc\framework\web\CController.php(265): SiteController->runActionWithFilters()
#20 E:\Soft\web\wamp\www\yii.loc\framework\web\CWebApplication.php(282): SiteController->run()
#21 E:\Soft\web\wamp\www\yii.loc\framework\web\CWebApplication.php(141): CWebApplication->runController()
#22 E:\Soft\web\wamp\www\yii.loc\framework\base\CApplication.php(180): CWebApplication->processRequest()
#23 E:\Soft\web\wamp\www\yii.loc\index.php(13): CWebApplication->run()
REQUEST_URI=/site/index
in E:\Soft\web\wamp\www\yii.loc\protected\views\layouts\main.php (35)
in E:\Soft\web\wamp\www\yii.loc\protected\views\layouts\column1.php (6)
in E:\Soft\web\wamp\www\yii.loc\protected\controllers\SiteController.php (32)
2014/03/27 13:25:21 [error] [php] include(YumWebUser.php): failed to open stream: No such file or directory (E:\Soft\web\wamp\www\yii.loc\framework\YiiBase.php:427)
Stack trace:
#0 E:\Soft\web\wamp\www\yii.loc\framework\YiiBase.php(217): spl_autoload_call()
#1 E:\Soft\web\wamp\www\yii.loc\framework\base\CModule.php(386): createComponent()
#2 E:\Soft\web\wamp\www\yii.loc\framework\base\CModule.php(103): CWebApplication->getComponent()
#3 E:\Soft\web\wamp\www\yii.loc\protected\views\layouts\main.php(35): CWebApplication->__get()
#4 E:\Soft\web\wamp\www\yii.loc\framework\web\CBaseController.php(126): require()
#5 E:\Soft\web\wamp\www\yii.loc\framework\web\CBaseController.php(95): SiteController->renderInternal()
#6 E:\Soft\web\wamp\www\yii.loc\framework\web\widgets\CContentDecorator.php(76): SiteController->renderFile()
#7 E:\Soft\web\wamp\www\yii.loc\framework\web\widgets\CContentDecorator.php(54): CContentDecorator->decorate()
#8 E:\Soft\web\wamp\www\yii.loc\framework\web\widgets\COutputProcessor.php(44): CContentDecorator->processOutput()
#9 E:\Soft\web\wamp\www\yii.loc\framework\web\CBaseController.php(206): CContentDecorator->run()
#10 E:\Soft\web\wamp\www\yii.loc\framework\web\CBaseController.php(300): SiteController->endWidget()
#11 E:\Soft\web\wamp\www\yii.loc\protected\views\layouts\column1.php(6): SiteController->endContent()
#12 E:\Soft\web\wamp\www\yii.loc\framework\web\CBaseController.php(126): require()
#13 E:\Soft\web\wamp\www\yii.loc\framework\web\CBaseController.php(95): SiteController->renderInternal()
#14 E:\Soft\web\wamp\www\yii.loc\framework\web\CController.php(784): SiteController->renderFile()
#15 E:\Soft\web\wamp\www\yii.loc\protected\controllers\SiteController.php(32): SiteController->render()
#16 E:\Soft\web\wamp\www\yii.loc\framework\web\actions\CInlineAction.php(49): SiteController->actionIndex()
#17 E:\Soft\web\wamp\www\yii.loc\framework\web\CController.php(308): CInlineAction->runWithParams()
#18 E:\Soft\web\wamp\www\yii.loc\framework\web\CController.php(286): SiteController->runAction()
#19 E:\Soft\web\wamp\www\yii.loc\framework\web\CController.php(265): SiteController->runActionWithFilters()
#20 E:\Soft\web\wamp\www\yii.loc\framework\web\CWebApplication.php(282): SiteController->run()
#21 E:\Soft\web\wamp\www\yii.loc\framework\web\CWebApplication.php(141): CWebApplication->runController()
#22 E:\Soft\web\wamp\www\yii.loc\framework\base\CApplication.php(180): CWebApplication->processRequest()
#23 E:\Soft\web\wamp\www\yii.loc\index.php(13): CWebApplication->run()
REQUEST_URI=/site/index
in E:\Soft\web\wamp\www\yii.loc\protected\views\layouts\main.php (35)
in E:\Soft\web\wamp\www\yii.loc\protected\views\layouts\column1.php (6)
in E:\Soft\web\wamp\www\yii.loc\protected\controllers\SiteController.php (32)
2014/03/27 13:25:22 [error] [php] include(YumWebUser.php): failed to open stream: No such file or directory (E:\Soft\web\wamp\www\yii.loc\framework\YiiBase.php:427)
Stack trace:
#0 E:\Soft\web\wamp\www\yii.loc\framework\YiiBase.php(217): spl_autoload_call()
#1 E:\Soft\web\wamp\www\yii.loc\framework\base\CModule.php(386): createComponent()
#2 E:\Soft\web\wamp\www\yii.loc\framework\base\CModule.php(103): CWebApplication->getComponent()
#3 E:\Soft\web\wamp\www\yii.loc\protected\views\layouts\main.php(35): CWebApplication->__get()
#4 E:\Soft\web\wamp\www\yii.loc\framework\web\CBaseController.php(126): require()
#5 E:\Soft\web\wamp\www\yii.loc\framework\web\CBaseController.php(95): SiteController->renderInternal()
#6 E:\Soft\web\wamp\www\yii.loc\framework\web\widgets\CContentDecorator.php(76): SiteController->renderFile()
#7 E:\Soft\web\wamp\www\yii.loc\framework\web\widgets\CContentDecorator.php(54): CContentDecorator->decorate()
#8 E:\Soft\web\wamp\www\yii.loc\framework\web\widgets\COutputProcessor.php(44): CContentDecorator->processOutput()
#9 E:\Soft\web\wamp\www\yii.loc\framework\web\CBaseController.php(206): CContentDecorator->run()
#10 E:\Soft\web\wamp\www\yii.loc\framework\web\CBaseController.php(300): SiteController->endWidget()
#11 E:\Soft\web\wamp\www\yii.loc\protected\views\layouts\column1.php(6): SiteController->endContent()
#12 E:\Soft\web\wamp\www\yii.loc\framework\web\CBaseController.php(126): require()
#13 E:\Soft\web\wamp\www\yii.loc\framework\web\CBaseController.php(95): SiteController->renderInternal()
#14 E:\Soft\web\wamp\www\yii.loc\framework\web\CController.php(784): SiteController->renderFile()
#15 E:\Soft\web\wamp\www\yii.loc\protected\controllers\SiteController.php(32): SiteController->render()
#16 E:\Soft\web\wamp\www\yii.loc\framework\web\actions\CInlineAction.php(49): SiteController->actionIndex()
#17 E:\Soft\web\wamp\www\yii.loc\framework\web\CController.php(308): CInlineAction->runWithParams()
#18 E:\Soft\web\wamp\www\yii.loc\framework\web\CController.php(286): SiteController->runAction()
#19 E:\Soft\web\wamp\www\yii.loc\framework\web\CController.php(265): SiteController->runActionWithFilters()
#20 E:\Soft\web\wamp\www\yii.loc\framework\web\CWebApplication.php(282): SiteController->run()
#21 E:\Soft\web\wamp\www\yii.loc\framework\web\CWebApplication.php(141): CWebApplication->runController()
#22 E:\Soft\web\wamp\www\yii.loc\framework\base\CApplication.php(180): CWebApplication->processRequest()
#23 E:\Soft\web\wamp\www\yii.loc\index.php(13): CWebApplication->run()
REQUEST_URI=/site/index
in E:\Soft\web\wamp\www\yii.loc\protected\views\layouts\main.php (35)
in E:\Soft\web\wamp\www\yii.loc\protected\views\layouts\column1.php (6)
in E:\Soft\web\wamp\www\yii.loc\protected\controllers\SiteController.php (32)
2014/03/27 13:25:23 [error] [php] include(YumWebUser.php): failed to open stream: No such file or directory (E:\Soft\web\wamp\www\yii.loc\framework\YiiBase.php:427)
Stack trace:
#0 E:\Soft\web\wamp\www\yii.loc\framework\YiiBase.php(217): spl_autoload_call()
#1 E:\Soft\web\wamp\www\yii.loc\framework\base\CModule.php(386): createComponent()
#2 E:\Soft\web\wamp\www\yii.loc\framework\base\CModule.php(103): CWebApplication->getComponent()
#3 E:\Soft\web\wamp\www\yii.loc\protected\views\layouts\main.php(35): CWebApplication->__get()
#4 E:\Soft\web\wamp\www\yii.loc\framework\web\CBaseController.php(126): require()
#5 E:\Soft\web\wamp\www\yii.loc\framework\web\CBaseController.php(95): SiteController->renderInternal()
#6 E:\Soft\web\wamp\www\yii.loc\framework\web\widgets\CContentDecorator.php(76): SiteController->renderFile()
#7 E:\Soft\web\wamp\www\yii.loc\framework\web\widgets\CContentDecorator.php(54): CContentDecorator->decorate()
#8 E:\Soft\web\wamp\www\yii.loc\framework\web\widgets\COutputProcessor.php(44): CContentDecorator->processOutput()
#9 E:\Soft\web\wamp\www\yii.loc\framework\web\CBaseController.php(206): CContentDecorator->run()
#10 E:\Soft\web\wamp\www\yii.loc\framework\web\CBaseController.php(300): SiteController->endWidget()
#11 E:\Soft\web\wamp\www\yii.loc\protected\views\layouts\column1.php(6): SiteController->endContent()
#12 E:\Soft\web\wamp\www\yii.loc\framework\web\CBaseController.php(126): require()
#13 E:\Soft\web\wamp\www\yii.loc\framework\web\CBaseController.php(95): SiteController->renderInternal()
#14 E:\Soft\web\wamp\www\yii.loc\framework\web\CController.php(784): SiteController->renderFile()
#15 E:\Soft\web\wamp\www\yii.loc\protected\controllers\SiteController.php(32): SiteController->render()
#16 E:\Soft\web\wamp\www\yii.loc\framework\web\actions\CInlineAction.php(49): SiteController->actionIndex()
#17 E:\Soft\web\wamp\www\yii.loc\framework\web\CController.php(308): CInlineAction->runWithParams()
#18 E:\Soft\web\wamp\www\yii.loc\framework\web\CController.php(286): SiteController->runAction()
#19 E:\Soft\web\wamp\www\yii.loc\framework\web\CController.php(265): SiteController->runActionWithFilters()
#20 E:\Soft\web\wamp\www\yii.loc\framework\web\CWebApplication.php(282): SiteController->run()
#21 E:\Soft\web\wamp\www\yii.loc\framework\web\CWebApplication.php(141): CWebApplication->runController()
#22 E:\Soft\web\wamp\www\yii.loc\framework\base\CApplication.php(180): CWebApplication->processRequest()
#23 E:\Soft\web\wamp\www\yii.loc\index.php(13): CWebApplication->run()
REQUEST_URI=/site/index
in E:\Soft\web\wamp\www\yii.loc\protected\views\layouts\main.php (35)
in E:\Soft\web\wamp\www\yii.loc\protected\views\layouts\column1.php (6)
in E:\Soft\web\wamp\www\yii.loc\protected\controllers\SiteController.php (32)
2014/03/27 13:25:28 [error] [php] include(YumWebUser.php): failed to open stream: No such file or directory (E:\Soft\web\wamp\www\yii.loc\framework\YiiBase.php:427)
Stack trace:
#0 E:\Soft\web\wamp\www\yii.loc\framework\YiiBase.php(217): spl_autoload_call()
#1 E:\Soft\web\wamp\www\yii.loc\framework\base\CModule.php(386): createComponent()
#2 E:\Soft\web\wamp\www\yii.loc\framework\base\CModule.php(103): CWebApplication->getComponent()
#3 E:\Soft\web\wamp\www\yii.loc\protected\views\layouts\main.php(35): CWebApplication->__get()
#4 E:\Soft\web\wamp\www\yii.loc\framework\web\CBaseController.php(126): require()
#5 E:\Soft\web\wamp\www\yii.loc\framework\web\CBaseController.php(95): SiteController->renderInternal()
#6 E:\Soft\web\wamp\www\yii.loc\framework\web\widgets\CContentDecorator.php(76): SiteController->renderFile()
#7 E:\Soft\web\wamp\www\yii.loc\framework\web\widgets\CContentDecorator.php(54): CContentDecorator->decorate()
#8 E:\Soft\web\wamp\www\yii.loc\framework\web\widgets\COutputProcessor.php(44): CContentDecorator->processOutput()
#9 E:\Soft\web\wamp\www\yii.loc\framework\web\CBaseController.php(206): CContentDecorator->run()
#10 E:\Soft\web\wamp\www\yii.loc\framework\web\CBaseController.php(300): SiteController->endWidget()
#11 E:\Soft\web\wamp\www\yii.loc\protected\views\layouts\column1.php(6): SiteController->endContent()
#12 E:\Soft\web\wamp\www\yii.loc\framework\web\CBaseController.php(126): require()
#13 E:\Soft\web\wamp\www\yii.loc\framework\web\CBaseController.php(95): SiteController->renderInternal()
#14 E:\Soft\web\wamp\www\yii.loc\framework\web\CController.php(784): SiteController->renderFile()
#15 E:\Soft\web\wamp\www\yii.loc\protected\controllers\SiteController.php(32): SiteController->render()
#16 E:\Soft\web\wamp\www\yii.loc\framework\web\actions\CInlineAction.php(49): SiteController->actionIndex()
#17 E:\Soft\web\wamp\www\yii.loc\framework\web\CController.php(308): CInlineAction->runWithParams()
#18 E:\Soft\web\wamp\www\yii.loc\framework\web\CController.php(286): SiteController->runAction()
#19 E:\Soft\web\wamp\www\yii.loc\framework\web\CController.php(265): SiteController->runActionWithFilters()
#20 E:\Soft\web\wamp\www\yii.loc\framework\web\CWebApplication.php(282): SiteController->run()
#21 E:\Soft\web\wamp\www\yii.loc\framework\web\CWebApplication.php(141): CWebApplication->runController()
#22 E:\Soft\web\wamp\www\yii.loc\framework\base\CApplication.php(180): CWebApplication->processRequest()
#23 E:\Soft\web\wamp\www\yii.loc\index.php(13): CWebApplication->run()
REQUEST_URI=/site/index
in E:\Soft\web\wamp\www\yii.loc\protected\views\layouts\main.php (35)
in E:\Soft\web\wamp\www\yii.loc\protected\views\layouts\column1.php (6)
in E:\Soft\web\wamp\www\yii.loc\protected\controllers\SiteController.php (32)
2014/03/27 13:36:28 [error] [php] imagettfbbox(): Could not read font (E:\Soft\web\wamp\www\yii.loc\framework\web\widgets\captcha\CCaptchaAction.php:264)
Stack trace:
#0 E:\Soft\web\wamp\www\yii.loc\framework\web\widgets\captcha\CCaptchaAction.php(130): CCaptchaAction->renderImage()
#1 E:\Soft\web\wamp\www\yii.loc\framework\web\actions\CAction.php(76): CCaptchaAction->run()
#2 E:\Soft\web\wamp\www\yii.loc\framework\web\CController.php(308): CCaptchaAction->runWithParams()
#3 E:\Soft\web\wamp\www\yii.loc\framework\web\CController.php(286): SiteController->runAction()
#4 E:\Soft\web\wamp\www\yii.loc\framework\web\CController.php(265): SiteController->runActionWithFilters()
#5 E:\Soft\web\wamp\www\yii.loc\framework\web\CWebApplication.php(282): SiteController->run()
#6 E:\Soft\web\wamp\www\yii.loc\framework\web\CWebApplication.php(141): CWebApplication->runController()
#7 E:\Soft\web\wamp\www\yii.loc\framework\base\CApplication.php(180): CWebApplication->processRequest()
#8 E:\Soft\web\wamp\www\yii.loc\index.php(13): CWebApplication->run()
REQUEST_URI=/site/captcha?v=5334295cc28cb
in E:\Soft\web\wamp\www\yii.loc\index.php (13)
2014/03/27 13:36:52 [error] [php] imagettfbbox(): Could not read font (E:\Soft\web\wamp\www\yii.loc\framework\web\widgets\captcha\CCaptchaAction.php:264)
Stack trace:
#0 E:\Soft\web\wamp\www\yii.loc\framework\web\widgets\captcha\CCaptchaAction.php(130): CCaptchaAction->renderImage()
#1 E:\Soft\web\wamp\www\yii.loc\framework\web\actions\CAction.php(76): CCaptchaAction->run()
#2 E:\Soft\web\wamp\www\yii.loc\framework\web\CController.php(308): CCaptchaAction->runWithParams()
#3 E:\Soft\web\wamp\www\yii.loc\framework\web\CController.php(286): SiteController->runAction()
#4 E:\Soft\web\wamp\www\yii.loc\framework\web\CController.php(265): SiteController->runActionWithFilters()
#5 E:\Soft\web\wamp\www\yii.loc\framework\web\CWebApplication.php(282): SiteController->run()
#6 E:\Soft\web\wamp\www\yii.loc\framework\web\CWebApplication.php(141): CWebApplication->runController()
#7 E:\Soft\web\wamp\www\yii.loc\framework\base\CApplication.php(180): CWebApplication->processRequest()
#8 E:\Soft\web\wamp\www\yii.loc\index.php(13): CWebApplication->run()
REQUEST_URI=/site/captcha?v=533429740b71b
in E:\Soft\web\wamp\www\yii.loc\index.php (13)
2014/03/27 13:37:37 [error] [exception.CHttpException.404] exception 'CHttpException' with message 'Unable to resolve the request "user/install".' in E:\Soft\web\wamp\www\yii.loc\framework\web\CWebApplication.php:286
Stack trace:
#0 E:\Soft\web\wamp\www\yii.loc\framework\web\CWebApplication.php(141): CWebApplication->runController('user/install')
#1 E:\Soft\web\wamp\www\yii.loc\framework\base\CApplication.php(180): CWebApplication->processRequest()
#2 E:\Soft\web\wamp\www\yii.loc\index.php(13): CApplication->run()
#3 {main}
REQUEST_URI=/user/install
---
2014/03/27 13:37:42 [error] [exception.CHttpException.404] exception 'CHttpException' with message 'Unable to resolve the request "user/install".' in E:\Soft\web\wamp\www\yii.loc\framework\web\CWebApplication.php:286
Stack trace:
#0 E:\Soft\web\wamp\www\yii.loc\framework\web\CWebApplication.php(141): CWebApplication->runController('user/install')
#1 E:\Soft\web\wamp\www\yii.loc\framework\base\CApplication.php(180): CWebApplication->processRequest()
#2 E:\Soft\web\wamp\www\yii.loc\index.php(13): CApplication->run()
#3 {main}
REQUEST_URI=/user/install
---
2014/03/27 13:39:24 [error] [php] include(YumWebUser.php): failed to open stream: No such file or directory (E:\Soft\web\wamp\www\yii.loc\framework\YiiBase.php:427)
Stack trace:
#0 E:\Soft\web\wamp\www\yii.loc\framework\YiiBase.php(217): spl_autoload_call()
#1 E:\Soft\web\wamp\www\yii.loc\framework\base\CModule.php(386): createComponent()
#2 E:\Soft\web\wamp\www\yii.loc\framework\base\CModule.php(103): CWebApplication->getComponent()
#3 E:\Soft\web\wamp\www\yii.loc\protected\views\layouts\main.php(35): CWebApplication->__get()
#4 E:\Soft\web\wamp\www\yii.loc\framework\web\CBaseController.php(126): require()
#5 E:\Soft\web\wamp\www\yii.loc\framework\web\CBaseController.php(95): SiteController->renderInternal()
#6 E:\Soft\web\wamp\www\yii.loc\framework\web\widgets\CContentDecorator.php(76): SiteController->renderFile()
#7 E:\Soft\web\wamp\www\yii.loc\framework\web\widgets\CContentDecorator.php(54): CContentDecorator->decorate()
#8 E:\Soft\web\wamp\www\yii.loc\framework\web\widgets\COutputProcessor.php(44): CContentDecorator->processOutput()
#9 E:\Soft\web\wamp\www\yii.loc\framework\web\CBaseController.php(206): CContentDecorator->run()
#10 E:\Soft\web\wamp\www\yii.loc\framework\web\CBaseController.php(300): SiteController->endWidget()
#11 E:\Soft\web\wamp\www\yii.loc\protected\views\layouts\column1.php(6): SiteController->endContent()
#12 E:\Soft\web\wamp\www\yii.loc\framework\web\CBaseController.php(126): require()
#13 E:\Soft\web\wamp\www\yii.loc\framework\web\CBaseController.php(95): SiteController->renderInternal()
#14 E:\Soft\web\wamp\www\yii.loc\framework\web\CController.php(784): SiteController->renderFile()
#15 E:\Soft\web\wamp\www\yii.loc\protected\controllers\SiteController.php(32): SiteController->render()
#16 E:\Soft\web\wamp\www\yii.loc\framework\web\actions\CInlineAction.php(49): SiteController->actionIndex()
#17 E:\Soft\web\wamp\www\yii.loc\framework\web\CController.php(308): CInlineAction->runWithParams()
#18 E:\Soft\web\wamp\www\yii.loc\framework\web\CController.php(286): SiteController->runAction()
#19 E:\Soft\web\wamp\www\yii.loc\framework\web\CController.php(265): SiteController->runActionWithFilters()
#20 E:\Soft\web\wamp\www\yii.loc\framework\web\CWebApplication.php(282): SiteController->run()
#21 E:\Soft\web\wamp\www\yii.loc\framework\web\CWebApplication.php(141): CWebApplication->runController()
#22 E:\Soft\web\wamp\www\yii.loc\framework\base\CApplication.php(180): CWebApplication->processRequest()
#23 E:\Soft\web\wamp\www\yii.loc\index.php(13): CWebApplication->run()
REQUEST_URI=/site/index
in E:\Soft\web\wamp\www\yii.loc\protected\views\layouts\main.php (35)
in E:\Soft\web\wamp\www\yii.loc\protected\views\layouts\column1.php (6)
in E:\Soft\web\wamp\www\yii.loc\protected\controllers\SiteController.php (32)
2014/03/27 13:40:09 [error] [php] include(YumWebUser.php): failed to open stream: No such file or directory (E:\Soft\web\wamp\www\yii.loc\framework\YiiBase.php:427)
Stack trace:
#0 E:\Soft\web\wamp\www\yii.loc\framework\YiiBase.php(217): spl_autoload_call()
#1 E:\Soft\web\wamp\www\yii.loc\framework\base\CModule.php(386): createComponent()
#2 E:\Soft\web\wamp\www\yii.loc\framework\base\CModule.php(103): CWebApplication->getComponent()
#3 E:\Soft\web\wamp\www\yii.loc\protected\views\layouts\main.php(35): CWebApplication->__get()
#4 E:\Soft\web\wamp\www\yii.loc\framework\web\CBaseController.php(126): require()
#5 E:\Soft\web\wamp\www\yii.loc\framework\web\CBaseController.php(95): SiteController->renderInternal()
#6 E:\Soft\web\wamp\www\yii.loc\framework\web\widgets\CContentDecorator.php(76): SiteController->renderFile()
#7 E:\Soft\web\wamp\www\yii.loc\framework\web\widgets\CContentDecorator.php(54): CContentDecorator->decorate()
#8 E:\Soft\web\wamp\www\yii.loc\framework\web\widgets\COutputProcessor.php(44): CContentDecorator->processOutput()
#9 E:\Soft\web\wamp\www\yii.loc\framework\web\CBaseController.php(206): CContentDecorator->run()
#10 E:\Soft\web\wamp\www\yii.loc\framework\web\CBaseController.php(300): SiteController->endWidget()
#11 E:\Soft\web\wamp\www\yii.loc\protected\views\layouts\column1.php(6): SiteController->endContent()
#12 E:\Soft\web\wamp\www\yii.loc\framework\web\CBaseController.php(126): require()
#13 E:\Soft\web\wamp\www\yii.loc\framework\web\CBaseController.php(95): SiteController->renderInternal()
#14 E:\Soft\web\wamp\www\yii.loc\framework\web\CController.php(784): SiteController->renderFile()
#15 E:\Soft\web\wamp\www\yii.loc\protected\controllers\SiteController.php(32): SiteController->render()
#16 E:\Soft\web\wamp\www\yii.loc\framework\web\actions\CInlineAction.php(49): SiteController->actionIndex()
#17 E:\Soft\web\wamp\www\yii.loc\framework\web\CController.php(308): CInlineAction->runWithParams()
#18 E:\Soft\web\wamp\www\yii.loc\framework\web\CController.php(286): SiteController->runAction()
#19 E:\Soft\web\wamp\www\yii.loc\framework\web\CController.php(265): SiteController->runActionWithFilters()
#20 E:\Soft\web\wamp\www\yii.loc\framework\web\CWebApplication.php(282): SiteController->run()
#21 E:\Soft\web\wamp\www\yii.loc\framework\web\CWebApplication.php(141): CWebApplication->runController()
#22 E:\Soft\web\wamp\www\yii.loc\framework\base\CApplication.php(180): CWebApplication->processRequest()
#23 E:\Soft\web\wamp\www\yii.loc\index.php(13): CWebApplication->run()
REQUEST_URI=/site/index
in E:\Soft\web\wamp\www\yii.loc\protected\views\layouts\main.php (35)
in E:\Soft\web\wamp\www\yii.loc\protected\views\layouts\column1.php (6)
in E:\Soft\web\wamp\www\yii.loc\protected\controllers\SiteController.php (32)
2014/03/27 13:40:09 [error] [php] include(YumWebUser.php): failed to open stream: No such file or directory (E:\Soft\web\wamp\www\yii.loc\framework\YiiBase.php:427)
Stack trace:
#0 E:\Soft\web\wamp\www\yii.loc\framework\YiiBase.php(217): spl_autoload_call()
#1 E:\Soft\web\wamp\www\yii.loc\framework\base\CModule.php(386): createComponent()
#2 E:\Soft\web\wamp\www\yii.loc\framework\base\CModule.php(103): CWebApplication->getComponent()
#3 E:\Soft\web\wamp\www\yii.loc\protected\views\layouts\main.php(35): CWebApplication->__get()
#4 E:\Soft\web\wamp\www\yii.loc\framework\web\CBaseController.php(126): require()
#5 E:\Soft\web\wamp\www\yii.loc\framework\web\CBaseController.php(95): SiteController->renderInternal()
#6 E:\Soft\web\wamp\www\yii.loc\framework\web\widgets\CContentDecorator.php(76): SiteController->renderFile()
#7 E:\Soft\web\wamp\www\yii.loc\framework\web\widgets\CContentDecorator.php(54): CContentDecorator->decorate()
#8 E:\Soft\web\wamp\www\yii.loc\framework\web\widgets\COutputProcessor.php(44): CContentDecorator->processOutput()
#9 E:\Soft\web\wamp\www\yii.loc\framework\web\CBaseController.php(206): CContentDecorator->run()
#10 E:\Soft\web\wamp\www\yii.loc\framework\web\CBaseController.php(300): SiteController->endWidget()
#11 E:\Soft\web\wamp\www\yii.loc\protected\views\layouts\column1.php(6): SiteController->endContent()
#12 E:\Soft\web\wamp\www\yii.loc\framework\web\CBaseController.php(126): require()
#13 E:\Soft\web\wamp\www\yii.loc\framework\web\CBaseController.php(95): SiteController->renderInternal()
#14 E:\Soft\web\wamp\www\yii.loc\framework\web\CController.php(784): SiteController->renderFile()
#15 E:\Soft\web\wamp\www\yii.loc\protected\controllers\SiteController.php(32): SiteController->render()
#16 E:\Soft\web\wamp\www\yii.loc\framework\web\actions\CInlineAction.php(49): SiteController->actionIndex()
#17 E:\Soft\web\wamp\www\yii.loc\framework\web\CController.php(308): CInlineAction->runWithParams()
#18 E:\Soft\web\wamp\www\yii.loc\framework\web\CController.php(286): SiteController->runAction()
#19 E:\Soft\web\wamp\www\yii.loc\framework\web\CController.php(265): SiteController->runActionWithFilters()
#20 E:\Soft\web\wamp\www\yii.loc\framework\web\CWebApplication.php(282): SiteController->run()
#21 E:\Soft\web\wamp\www\yii.loc\framework\web\CWebApplication.php(141): CWebApplication->runController()
#22 E:\Soft\web\wamp\www\yii.loc\framework\base\CApplication.php(180): CWebApplication->processRequest()
#23 E:\Soft\web\wamp\www\yii.loc\index.php(13): CWebApplication->run()
REQUEST_URI=/site/index
in E:\Soft\web\wamp\www\yii.loc\protected\views\layouts\main.php (35)
in E:\Soft\web\wamp\www\yii.loc\protected\views\layouts\column1.php (6)
in E:\Soft\web\wamp\www\yii.loc\protected\controllers\SiteController.php (32)
2014/03/27 13:40:10 [error] [php] include(YumWebUser.php): failed to open stream: No such file or directory (E:\Soft\web\wamp\www\yii.loc\framework\YiiBase.php:427)
Stack trace:
#0 E:\Soft\web\wamp\www\yii.loc\framework\YiiBase.php(217): spl_autoload_call()
#1 E:\Soft\web\wamp\www\yii.loc\framework\base\CModule.php(386): createComponent()
#2 E:\Soft\web\wamp\www\yii.loc\framework\base\CModule.php(103): CWebApplication->getComponent()
#3 E:\Soft\web\wamp\www\yii.loc\protected\views\layouts\main.php(35): CWebApplication->__get()
#4 E:\Soft\web\wamp\www\yii.loc\framework\web\CBaseController.php(126): require()
#5 E:\Soft\web\wamp\www\yii.loc\framework\web\CBaseController.php(95): SiteController->renderInternal()
#6 E:\Soft\web\wamp\www\yii.loc\framework\web\widgets\CContentDecorator.php(76): SiteController->renderFile()
#7 E:\Soft\web\wamp\www\yii.loc\framework\web\widgets\CContentDecorator.php(54): CContentDecorator->decorate()
#8 E:\Soft\web\wamp\www\yii.loc\framework\web\widgets\COutputProcessor.php(44): CContentDecorator->processOutput()
#9 E:\Soft\web\wamp\www\yii.loc\framework\web\CBaseController.php(206): CContentDecorator->run()
#10 E:\Soft\web\wamp\www\yii.loc\framework\web\CBaseController.php(300): SiteController->endWidget()
#11 E:\Soft\web\wamp\www\yii.loc\protected\views\layouts\column1.php(6): SiteController->endContent()
#12 E:\Soft\web\wamp\www\yii.loc\framework\web\CBaseController.php(126): require()
#13 E:\Soft\web\wamp\www\yii.loc\framework\web\CBaseController.php(95): SiteController->renderInternal()
#14 E:\Soft\web\wamp\www\yii.loc\framework\web\CController.php(784): SiteController->renderFile()
#15 E:\Soft\web\wamp\www\yii.loc\protected\controllers\SiteController.php(32): SiteController->render()
#16 E:\Soft\web\wamp\www\yii.loc\framework\web\actions\CInlineAction.php(49): SiteController->actionIndex()
#17 E:\Soft\web\wamp\www\yii.loc\framework\web\CController.php(308): CInlineAction->runWithParams()
#18 E:\Soft\web\wamp\www\yii.loc\framework\web\CController.php(286): SiteController->runAction()
#19 E:\Soft\web\wamp\www\yii.loc\framework\web\CController.php(265): SiteController->runActionWithFilters()
#20 E:\Soft\web\wamp\www\yii.loc\framework\web\CWebApplication.php(282): SiteController->run()
#21 E:\Soft\web\wamp\www\yii.loc\framework\web\CWebApplication.php(141): CWebApplication->runController()
#22 E:\Soft\web\wamp\www\yii.loc\framework\base\CApplication.php(180): CWebApplication->processRequest()
#23 E:\Soft\web\wamp\www\yii.loc\index.php(13): CWebApplication->run()
REQUEST_URI=/site/index
in E:\Soft\web\wamp\www\yii.loc\protected\views\layouts\main.php (35)
in E:\Soft\web\wamp\www\yii.loc\protected\views\layouts\column1.php (6)
in E:\Soft\web\wamp\www\yii.loc\protected\controllers\SiteController.php (32)
2014/03/27 13:40:44 [error] [php] imagettfbbox(): Could not read font (E:\Soft\web\wamp\www\yii.loc\framework\web\widgets\captcha\CCaptchaAction.php:264)
Stack trace:
#0 E:\Soft\web\wamp\www\yii.loc\framework\web\widgets\captcha\CCaptchaAction.php(130): CCaptchaAction->renderImage()
#1 E:\Soft\web\wamp\www\yii.loc\framework\web\actions\CAction.php(76): CCaptchaAction->run()
#2 E:\Soft\web\wamp\www\yii.loc\framework\web\CController.php(308): CCaptchaAction->runWithParams()
#3 E:\Soft\web\wamp\www\yii.loc\framework\web\CController.php(286): SiteController->runAction()
#4 E:\Soft\web\wamp\www\yii.loc\framework\web\CController.php(265): SiteController->runActionWithFilters()
#5 E:\Soft\web\wamp\www\yii.loc\framework\web\CWebApplication.php(282): SiteController->run()
#6 E:\Soft\web\wamp\www\yii.loc\framework\web\CWebApplication.php(141): CWebApplication->runController()
#7 E:\Soft\web\wamp\www\yii.loc\framework\base\CApplication.php(180): CWebApplication->processRequest()
#8 E:\Soft\web\wamp\www\yii.loc\index.php(13): CWebApplication->run()
REQUEST_URI=/site/captcha?v=53342a5cbebc2
in E:\Soft\web\wamp\www\yii.loc\index.php (13)
2014/03/27 13:41:04 [error] [system.db.CDbCommand] CDbCommand::fetchAll() failed: SQLSTATE[42S02]: Base table or view not found: 1146 Table 'yii.user' doesn't exist. The SQL statement executed was: SHOW FULL COLUMNS FROM `user`.
in E:\Soft\web\wamp\www\yii.loc\protected\modules\user\controllers\YumInstallController.php (439)
in E:\Soft\web\wamp\www\yii.loc\index.php (13)
2014/03/27 14:03:33 [error] [exception.CHttpException.404] exception 'CHttpException' with message 'Unable to resolve the request "admin/admin".' in E:\Soft\web\wamp\www\yii.loc\framework\web\CWebApplication.php:286
Stack trace:
#0 E:\Soft\web\wamp\www\yii.loc\framework\web\CWebApplication.php(141): CWebApplication->runController('admin/admin')
#1 E:\Soft\web\wamp\www\yii.loc\framework\base\CApplication.php(180): CWebApplication->processRequest()
#2 E:\Soft\web\wamp\www\yii.loc\index.php(13): CApplication->run()
#3 {main}
REQUEST_URI=/admin/admin
---
2014/03/27 14:15:55 [error] [exception.CHttpException.404] exception 'CHttpException' with message 'Unable to resolve the request "assets/54237fe2/statistics.css".' in E:\Soft\web\wamp\www\yii.loc\framework\web\CWebApplication.php:286
Stack trace:
#0 E:\Soft\web\wamp\www\yii.loc\framework\web\CWebApplication.php(141): CWebApplication->runController('assets/54237fe2...')
#1 E:\Soft\web\wamp\www\yii.loc\framework\base\CApplication.php(180): CWebApplication->processRequest()
#2 E:\Soft\web\wamp\www\yii.loc\index.php(13): CApplication->run()
#3 {main}
REQUEST_URI=/assets/54237fe2/statistics.css
HTTP_REFERER=http://yii.loc/user/statistics/index
---
2014/03/27 14:18:14 [error] [exception.CHttpException.404] exception 'CHttpException' with message 'Unable to resolve the request "assets/54237fe2/statistics.css".' in E:\Soft\web\wamp\www\yii.loc\framework\web\CWebApplication.php:286
Stack trace:
#0 E:\Soft\web\wamp\www\yii.loc\framework\web\CWebApplication.php(141): CWebApplication->runController('assets/54237fe2...')
#1 E:\Soft\web\wamp\www\yii.loc\framework\base\CApplication.php(180): CWebApplication->processRequest()
#2 E:\Soft\web\wamp\www\yii.loc\index.php(13): CApplication->run()
#3 {main}
REQUEST_URI=/assets/54237fe2/statistics.css
HTTP_REFERER=http://yii.loc/user/statistics/index
---
2014/03/27 14:34:09 [error] [exception.CHttpException.404] exception 'CHttpException' with message 'Unable to resolve the request "admin/admin".' in E:\Soft\web\wamp\www\yii.loc\framework\web\CWebApplication.php:286
Stack trace:
#0 E:\Soft\web\wamp\www\yii.loc\framework\web\CWebApplication.php(141): CWebApplication->runController('admin/admin')
#1 E:\Soft\web\wamp\www\yii.loc\framework\base\CApplication.php(180): CWebApplication->processRequest()
#2 E:\Soft\web\wamp\www\yii.loc\index.php(13): CApplication->run()
#3 {main}
REQUEST_URI=/admin/admin
---
2014/03/27 16:47:19 [error] [php] imagettfbbox(): Could not read font (E:\Soft\web\wamp\www\yii.loc\framework\web\widgets\captcha\CCaptchaAction.php:264)
Stack trace:
#0 E:\Soft\web\wamp\www\yii.loc\framework\web\widgets\captcha\CCaptchaAction.php(130): CCaptchaAction->renderImage()
#1 E:\Soft\web\wamp\www\yii.loc\framework\web\actions\CAction.php(76): CCaptchaAction->run()
#2 E:\Soft\web\wamp\www\yii.loc\framework\web\CController.php(308): CCaptchaAction->runWithParams()
#3 E:\Soft\web\wamp\www\yii.loc\framework\web\CController.php(286): SiteController->runAction()
#4 E:\Soft\web\wamp\www\yii.loc\framework\web\CController.php(265): SiteController->runActionWithFilters()
#5 E:\Soft\web\wamp\www\yii.loc\framework\web\CWebApplication.php(282): SiteController->run()
#6 E:\Soft\web\wamp\www\yii.loc\framework\web\CWebApplication.php(141): CWebApplication->runController()
#7 E:\Soft\web\wamp\www\yii.loc\framework\base\CApplication.php(180): CWebApplication->processRequest()
#8 E:\Soft\web\wamp\www\yii.loc\index.php(13): CWebApplication->run()
REQUEST_URI=/index.php?r=site/captcha&v=533456177a120
in E:\Soft\web\wamp\www\yii.loc\index.php (13)
2014/03/27 16:58:49 [error] [php] include(.php): failed to open stream: No such file or directory (E:\Soft\web\wamp\www\yii.loc\framework\YiiBase.php:427)
Stack trace:
#0 E:\Soft\web\wamp\www\yii.loc\framework\YiiBase.php(196): import()
#1 E:\Soft\web\wamp\www\yii.loc\framework\base\CModule.php(282): createComponent()
#2 E:\Soft\web\wamp\www\yii.loc\framework\web\CWebApplication.php(337): CWebApplication->getModule()
#3 E:\Soft\web\wamp\www\yii.loc\framework\web\CWebApplication.php(276): CWebApplication->createController()
#4 E:\Soft\web\wamp\www\yii.loc\framework\web\CWebApplication.php(141): CWebApplication->runController()
#5 E:\Soft\web\wamp\www\yii.loc\framework\base\CApplication.php(180): CWebApplication->processRequest()
#6 E:\Soft\web\wamp\www\yii.loc\index.php(13): CWebApplication->run()
REQUEST_URI=/gii/default/login
in E:\Soft\web\wamp\www\yii.loc\index.php (13)
2014/03/27 16:58:53 [error] [php] include(.php): failed to open stream: No such file or directory (E:\Soft\web\wamp\www\yii.loc\framework\YiiBase.php:427)
Stack trace:
#0 E:\Soft\web\wamp\www\yii.loc\framework\YiiBase.php(196): import()
#1 E:\Soft\web\wamp\www\yii.loc\framework\base\CModule.php(282): createComponent()
#2 E:\Soft\web\wamp\www\yii.loc\framework\web\CWebApplication.php(337): CWebApplication->getModule()
#3 E:\Soft\web\wamp\www\yii.loc\framework\web\CWebApplication.php(276): CWebApplication->createController()
#4 E:\Soft\web\wamp\www\yii.loc\framework\web\CWebApplication.php(141): CWebApplication->runController()
#5 E:\Soft\web\wamp\www\yii.loc\framework\base\CApplication.php(180): CWebApplication->processRequest()
#6 E:\Soft\web\wamp\www\yii.loc\index.php(13): CWebApplication->run()
REQUEST_URI=/gii/default/login
in E:\Soft\web\wamp\www\yii.loc\index.php (13)
2014/03/27 16:58:56 [error] [php] include(.php): failed to open stream: No such file or directory (E:\Soft\web\wamp\www\yii.loc\framework\YiiBase.php:427)
Stack trace:
#0 E:\Soft\web\wamp\www\yii.loc\framework\YiiBase.php(196): import()
#1 E:\Soft\web\wamp\www\yii.loc\framework\base\CModule.php(282): createComponent()
#2 E:\Soft\web\wamp\www\yii.loc\framework\web\CWebApplication.php(337): CWebApplication->getModule()
#3 E:\Soft\web\wamp\www\yii.loc\framework\web\CWebApplication.php(276): CWebApplication->createController()
#4 E:\Soft\web\wamp\www\yii.loc\framework\web\CWebApplication.php(141): CWebApplication->runController()
#5 E:\Soft\web\wamp\www\yii.loc\framework\base\CApplication.php(180): CWebApplication->processRequest()
#6 E:\Soft\web\wamp\www\yii.loc\index.php(13): CWebApplication->run()
REQUEST_URI=/gii
in E:\Soft\web\wamp\www\yii.loc\index.php (13)
2014/03/27 16:59:01 [error] [php] include(.php): failed to open stream: No such file or directory (E:\Soft\web\wamp\www\yii.loc\framework\YiiBase.php:427)
Stack trace:
#0 E:\Soft\web\wamp\www\yii.loc\framework\YiiBase.php(196): import()
#1 E:\Soft\web\wamp\www\yii.loc\framework\base\CModule.php(282): createComponent()
#2 E:\Soft\web\wamp\www\yii.loc\framework\web\CWebApplication.php(337): CWebApplication->getModule()
#3 E:\Soft\web\wamp\www\yii.loc\framework\web\CWebApplication.php(276): CWebApplication->createController()
#4 E:\Soft\web\wamp\www\yii.loc\framework\web\CWebApplication.php(141): CWebApplication->runController()
#5 E:\Soft\web\wamp\www\yii.loc\framework\base\CApplication.php(180): CWebApplication->processRequest()
#6 E:\Soft\web\wamp\www\yii.loc\index.php(13): CWebApplication->run()
REQUEST_URI=/gii
in E:\Soft\web\wamp\www\yii.loc\index.php (13)
2014/03/27 16:59:02 [error] [php] include(.php): failed to open stream: No such file or directory (E:\Soft\web\wamp\www\yii.loc\framework\YiiBase.php:427)
Stack trace:
#0 E:\Soft\web\wamp\www\yii.loc\framework\YiiBase.php(196): import()
#1 E:\Soft\web\wamp\www\yii.loc\framework\base\CModule.php(282): createComponent()
#2 E:\Soft\web\wamp\www\yii.loc\framework\web\CWebApplication.php(337): CWebApplication->getModule()
#3 E:\Soft\web\wamp\www\yii.loc\framework\web\CWebApplication.php(276): CWebApplication->createController()
#4 E:\Soft\web\wamp\www\yii.loc\framework\web\CWebApplication.php(141): CWebApplication->runController()
#5 E:\Soft\web\wamp\www\yii.loc\framework\base\CApplication.php(180): CWebApplication->processRequest()
#6 E:\Soft\web\wamp\www\yii.loc\index.php(13): CWebApplication->run()
REQUEST_URI=/gii
in E:\Soft\web\wamp\www\yii.loc\index.php (13)
2014/03/27 16:59:03 [error] [php] include(.php): failed to open stream: No such file or directory (E:\Soft\web\wamp\www\yii.loc\framework\YiiBase.php:427)
Stack trace:
#0 E:\Soft\web\wamp\www\yii.loc\framework\YiiBase.php(196): import()
#1 E:\Soft\web\wamp\www\yii.loc\framework\base\CModule.php(282): createComponent()
#2 E:\Soft\web\wamp\www\yii.loc\framework\web\CWebApplication.php(337): CWebApplication->getModule()
#3 E:\Soft\web\wamp\www\yii.loc\framework\web\CWebApplication.php(276): CWebApplication->createController()
#4 E:\Soft\web\wamp\www\yii.loc\framework\web\CWebApplication.php(141): CWebApplication->runController()
#5 E:\Soft\web\wamp\www\yii.loc\framework\base\CApplication.php(180): CWebApplication->processRequest()
#6 E:\Soft\web\wamp\www\yii.loc\index.php(13): CWebApplication->run()
REQUEST_URI=/gii
in E:\Soft\web\wamp\www\yii.loc\index.php (13)
2014/03/27 17:20:18 [error] [exception.CException] exception 'CException' with message 'Неправильный алиас "bootstrap.widgets.TbHeroUnit". Убедитесь, что он указывает на существующую директорию или файл.' in E:\Soft\web\wamp\www\yii.loc\framework\YiiBase.php:347
Stack trace:
#0 E:\Soft\web\wamp\www\yii.loc\framework\web\CWidgetFactory.php(146): YiiBase::import('bootstrap.widge...', true)
#1 E:\Soft\web\wamp\www\yii.loc\framework\web\CBaseController.php(146): CWidgetFactory->createWidget(Object(SiteController), 'bootstrap.widge...', Array)
#2 E:\Soft\web\wamp\www\yii.loc\framework\web\CBaseController.php(189): CBaseController->createWidget('bootstrap.widge...', Array)
#3 E:\Soft\web\wamp\www\yii.loc\themes\default\views\site\index.php(9): CBaseController->beginWidget('bootstrap.widge...', Array)
#4 E:\Soft\web\wamp\www\yii.loc\framework\web\CBaseController.php(126): require('E:\Soft\web\wam...')
#5 E:\Soft\web\wamp\www\yii.loc\framework\web\CBaseController.php(95): CBaseController->renderInternal('E:\Soft\web\wam...', NULL, true)
#6 E:\Soft\web\wamp\www\yii.loc\framework\web\CController.php(869): CBaseController->renderFile('E:\Soft\web\wam...', NULL, true)
#7 E:\Soft\web\wamp\www\yii.loc\framework\web\CController.php(782): CController->renderPartial('index', NULL, true)
#8 E:\Soft\web\wamp\www\yii.loc\protected\controllers\SiteController.php(32): CController->render('index')
#9 E:\Soft\web\wamp\www\yii.loc\framework\web\actions\CInlineAction.php(49): SiteController->actionIndex()
#10 E:\Soft\web\wamp\www\yii.loc\framework\web\CController.php(308): CInlineAction->runWithParams(Array)
#11 E:\Soft\web\wamp\www\yii.loc\framework\web\CController.php(286): CController->runAction(Object(CInlineAction))
#12 E:\Soft\web\wamp\www\yii.loc\framework\web\CController.php(265): CController->runActionWithFilters(Object(CInlineAction), Array)
#13 E:\Soft\web\wamp\www\yii.loc\framework\web\CWebApplication.php(282): CController->run('')
#14 E:\Soft\web\wamp\www\yii.loc\framework\web\CWebApplication.php(141): CWebApplication->runController('')
#15 E:\Soft\web\wamp\www\yii.loc\framework\base\CApplication.php(180): CWebApplication->processRequest()
#16 E:\Soft\web\wamp\www\yii.loc\index.php(13): CApplication->run()
#17 {main}
REQUEST_URI=/
---
2014/03/27 17:20:19 [error] [exception.CException] exception 'CException' with message 'Неправильный алиас "bootstrap.widgets.TbHeroUnit". Убедитесь, что он указывает на существующую директорию или файл.' in E:\Soft\web\wamp\www\yii.loc\framework\YiiBase.php:347
Stack trace:
#0 E:\Soft\web\wamp\www\yii.loc\framework\web\CWidgetFactory.php(146): YiiBase::import('bootstrap.widge...', true)
#1 E:\Soft\web\wamp\www\yii.loc\framework\web\CBaseController.php(146): CWidgetFactory->createWidget(Object(SiteController), 'bootstrap.widge...', Array)
#2 E:\Soft\web\wamp\www\yii.loc\framework\web\CBaseController.php(189): CBaseController->createWidget('bootstrap.widge...', Array)
#3 E:\Soft\web\wamp\www\yii.loc\themes\default\views\site\index.php(9): CBaseController->beginWidget('bootstrap.widge...', Array)
#4 E:\Soft\web\wamp\www\yii.loc\framework\web\CBaseController.php(126): require('E:\Soft\web\wam...')
#5 E:\Soft\web\wamp\www\yii.loc\framework\web\CBaseController.php(95): CBaseController->renderInternal('E:\Soft\web\wam...', NULL, true)
#6 E:\Soft\web\wamp\www\yii.loc\framework\web\CController.php(869): CBaseController->renderFile('E:\Soft\web\wam...', NULL, true)
#7 E:\Soft\web\wamp\www\yii.loc\framework\web\CController.php(782): CController->renderPartial('index', NULL, true)
#8 E:\Soft\web\wamp\www\yii.loc\protected\controllers\SiteController.php(32): CController->render('index')
#9 E:\Soft\web\wamp\www\yii.loc\framework\web\actions\CInlineAction.php(49): SiteController->actionIndex()
#10 E:\Soft\web\wamp\www\yii.loc\framework\web\CController.php(308): CInlineAction->runWithParams(Array)
#11 E:\Soft\web\wamp\www\yii.loc\framework\web\CController.php(286): CController->runAction(Object(CInlineAction))
#12 E:\Soft\web\wamp\www\yii.loc\framework\web\CController.php(265): CController->runActionWithFilters(Object(CInlineAction), Array)
#13 E:\Soft\web\wamp\www\yii.loc\framework\web\CWebApplication.php(282): CController->run('')
#14 E:\Soft\web\wamp\www\yii.loc\framework\web\CWebApplication.php(141): CWebApplication->runController('')
#15 E:\Soft\web\wamp\www\yii.loc\framework\base\CApplication.php(180): CWebApplication->processRequest()
#16 E:\Soft\web\wamp\www\yii.loc\index.php(13): CApplication->run()
#17 {main}
REQUEST_URI=/
---
2014/03/27 17:21:10 [error] [exception.CHttpException.404] exception 'CHttpException' with message 'Невозможно обработать запрос "themes/defaultassets/css/styles.css".' in E:\Soft\web\wamp\www\yii.loc\framework\web\CWebApplication.php:286
Stack trace:
#0 E:\Soft\web\wamp\www\yii.loc\framework\web\CWebApplication.php(141): CWebApplication->runController('themes/defaulta...')
#1 E:\Soft\web\wamp\www\yii.loc\framework\base\CApplication.php(180): CWebApplication->processRequest()
#2 E:\Soft\web\wamp\www\yii.loc\index.php(13): CApplication->run()
#3 {main}
REQUEST_URI=/themes/defaultassets/css/styles.css
HTTP_REFERER=http://yii.loc/
---
2014/03/27 17:21:20 [error] [exception.CHttpException.404] exception 'CHttpException' with message 'Невозможно обработать запрос "themes/defaultassets/css/styles.css".' in E:\Soft\web\wamp\www\yii.loc\framework\web\CWebApplication.php:286
Stack trace:
#0 E:\Soft\web\wamp\www\yii.loc\framework\web\CWebApplication.php(141): CWebApplication->runController('themes/defaulta...')
#1 E:\Soft\web\wamp\www\yii.loc\framework\base\CApplication.php(180): CWebApplication->processRequest()
#2 E:\Soft\web\wamp\www\yii.loc\index.php(13): CApplication->run()
#3 {main}
REQUEST_URI=/themes/defaultassets/css/styles.css
HTTP_REFERER=http://yii.loc/
---
2014/03/27 17:21:21 [error] [exception.CHttpException.404] exception 'CHttpException' with message 'Невозможно обработать запрос "themes/defaultassets/css/styles.css".' in E:\Soft\web\wamp\www\yii.loc\framework\web\CWebApplication.php:286
Stack trace:
#0 E:\Soft\web\wamp\www\yii.loc\framework\web\CWebApplication.php(141): CWebApplication->runController('themes/defaulta...')
#1 E:\Soft\web\wamp\www\yii.loc\framework\base\CApplication.php(180): CWebApplication->processRequest()
#2 E:\Soft\web\wamp\www\yii.loc\index.php(13): CApplication->run()
#3 {main}
REQUEST_URI=/themes/defaultassets/css/styles.css
HTTP_REFERER=http://yii.loc/
---
2014/03/27 17:53:30 [error] [exception.CException] exception 'CException' with message 'Не определено свойство "AdminModule.assetsUrl".' in E:\Soft\web\wamp\www\yii.loc\framework\base\CComponent.php:130
Stack trace:
#0 E:\Soft\web\wamp\www\yii.loc\framework\base\CModule.php(105): CComponent->__get('assetsUrl')
#1 E:\Soft\web\wamp\www\yii.loc\protected\modules\admin\views\layouts\main.php(2): CModule->__get('assetsUrl')
#2 E:\Soft\web\wamp\www\yii.loc\framework\web\CBaseController.php(126): require('E:\Soft\web\wam...')
#3 E:\Soft\web\wamp\www\yii.loc\framework\web\CBaseController.php(95): CBaseController->renderInternal('E:\Soft\web\wam...', Array, true)
#4 E:\Soft\web\wamp\www\yii.loc\framework\web\CController.php(784): CBaseController->renderFile('E:\Soft\web\wam...', Array, true)
#5 E:\Soft\web\wamp\www\yii.loc\protected\modules\admin\controllers\DefaultController.php(7): CController->render('index')
#6 E:\Soft\web\wamp\www\yii.loc\framework\web\actions\CInlineAction.php(49): DefaultController->actionIndex()
#7 E:\Soft\web\wamp\www\yii.loc\framework\web\CController.php(308): CInlineAction->runWithParams(Array)
#8 E:\Soft\web\wamp\www\yii.loc\framework\web\CController.php(286): CController->runAction(Object(CInlineAction))
#9 E:\Soft\web\wamp\www\yii.loc\framework\web\CController.php(265): CController->runActionWithFilters(Object(CInlineAction), Array)
#10 E:\Soft\web\wamp\www\yii.loc\framework\web\CWebApplication.php(282): CController->run('')
#11 E:\Soft\web\wamp\www\yii.loc\framework\web\CWebApplication.php(141): CWebApplication->runController('admin')
#12 E:\Soft\web\wamp\www\yii.loc\framework\base\CApplication.php(180): CWebApplication->processRequest()
#13 E:\Soft\web\wamp\www\yii.loc\index.php(13): CApplication->run()
#14 {main}
REQUEST_URI=/admin
---
2014/03/27 17:58:33 [error] [exception.CHttpException.404] exception 'CHttpException' with message 'Невозможно обработать запрос "themes/default/assets/css/admin/styles.css".' in E:\Soft\web\wamp\www\yii.loc\framework\web\CWebApplication.php:286
Stack trace:
#0 E:\Soft\web\wamp\www\yii.loc\framework\web\CWebApplication.php(141): CWebApplication->runController('themes/default/...')
#1 E:\Soft\web\wamp\www\yii.loc\framework\base\CApplication.php(180): CWebApplication->processRequest()
#2 E:\Soft\web\wamp\www\yii.loc\index.php(13): CApplication->run()
#3 {main}
REQUEST_URI=/themes/default/assets/css/admin/styles.css
HTTP_REFERER=http://yii.loc/admin
---
2014/03/27 17:59:56 [error] [exception.CHttpException.404] exception 'CHttpException' with message 'Невозможно обработать запрос "themes/default/assets/css/admin/styles.css".' in E:\Soft\web\wamp\www\yii.loc\framework\web\CWebApplication.php:286
Stack trace:
#0 E:\Soft\web\wamp\www\yii.loc\framework\web\CWebApplication.php(141): CWebApplication->runController('themes/default/...')
#1 E:\Soft\web\wamp\www\yii.loc\framework\base\CApplication.php(180): CWebApplication->processRequest()
#2 E:\Soft\web\wamp\www\yii.loc\index.php(13): CApplication->run()
#3 {main}
REQUEST_URI=/themes/default/assets/css/admin/styles.css
HTTP_REFERER=http://yii.loc/admin
---
2014/03/27 17:59:57 [error] [exception.CHttpException.404] exception 'CHttpException' with message 'Невозможно обработать запрос "themes/default/assets/css/admin/styles.css".' in E:\Soft\web\wamp\www\yii.loc\framework\web\CWebApplication.php:286
Stack trace:
#0 E:\Soft\web\wamp\www\yii.loc\framework\web\CWebApplication.php(141): CWebApplication->runController('themes/default/...')
#1 E:\Soft\web\wamp\www\yii.loc\framework\base\CApplication.php(180): CWebApplication->processRequest()
#2 E:\Soft\web\wamp\www\yii.loc\index.php(13): CApplication->run()
#3 {main}
REQUEST_URI=/themes/default/assets/css/admin/styles.css
HTTP_REFERER=http://yii.loc/admin
---
2014/03/27 17:59:58 [error] [exception.CHttpException.404] exception 'CHttpException' with message 'Невозможно обработать запрос "themes/default/assets/css/admin/styles.css".' in E:\Soft\web\wamp\www\yii.loc\framework\web\CWebApplication.php:286
Stack trace:
#0 E:\Soft\web\wamp\www\yii.loc\framework\web\CWebApplication.php(141): CWebApplication->runController('themes/default/...')
#1 E:\Soft\web\wamp\www\yii.loc\framework\base\CApplication.php(180): CWebApplication->processRequest()
#2 E:\Soft\web\wamp\www\yii.loc\index.php(13): CApplication->run()
#3 {main}
REQUEST_URI=/themes/default/assets/css/admin/styles.css
HTTP_REFERER=http://yii.loc/admin
---
2014/03/27 17:59:59 [error] [exception.CHttpException.404] exception 'CHttpException' with message 'Невозможно обработать запрос "themes/default/assets/css/admin/styles.css".' in E:\Soft\web\wamp\www\yii.loc\framework\web\CWebApplication.php:286
Stack trace:
#0 E:\Soft\web\wamp\www\yii.loc\framework\web\CWebApplication.php(141): CWebApplication->runController('themes/default/...')
#1 E:\Soft\web\wamp\www\yii.loc\framework\base\CApplication.php(180): CWebApplication->processRequest()
#2 E:\Soft\web\wamp\www\yii.loc\index.php(13): CApplication->run()
#3 {main}
REQUEST_URI=/themes/default/assets/css/admin/styles.css
HTTP_REFERER=http://yii.loc/admin
---
2014/03/27 18:00:00 [error] [exception.CHttpException.404] exception 'CHttpException' with message 'Невозможно обработать запрос "themes/default/assets/css/admin/styles.css".' in E:\Soft\web\wamp\www\yii.loc\framework\web\CWebApplication.php:286
Stack trace:
#0 E:\Soft\web\wamp\www\yii.loc\framework\web\CWebApplication.php(141): CWebApplication->runController('themes/default/...')
#1 E:\Soft\web\wamp\www\yii.loc\framework\base\CApplication.php(180): CWebApplication->processRequest()
#2 E:\Soft\web\wamp\www\yii.loc\index.php(13): CApplication->run()
#3 {main}
REQUEST_URI=/themes/default/assets/css/admin/styles.css
HTTP_REFERER=http://yii.loc/admin
---
2014/03/27 18:00:47 [error] [exception.CHttpException.404] exception 'CHttpException' with message 'Невозможно обработать запрос "themes/default/assets/css/admin/styles.css".' in E:\Soft\web\wamp\www\yii.loc\framework\web\CWebApplication.php:286
Stack trace:
#0 E:\Soft\web\wamp\www\yii.loc\framework\web\CWebApplication.php(141): CWebApplication->runController('themes/default/...')
#1 E:\Soft\web\wamp\www\yii.loc\framework\base\CApplication.php(180): CWebApplication->processRequest()
#2 E:\Soft\web\wamp\www\yii.loc\index.php(13): CApplication->run()
#3 {main}
REQUEST_URI=/themes/default/assets/css/admin/styles.css
HTTP_REFERER=http://yii.loc/admin
---
2014/03/27 18:01:25 [error] [exception.CHttpException.404] exception 'CHttpException' with message 'Невозможно обработать запрос "themes/default/assets/css/admin/styles.css".' in E:\Soft\web\wamp\www\yii.loc\framework\web\CWebApplication.php:286
Stack trace:
#0 E:\Soft\web\wamp\www\yii.loc\framework\web\CWebApplication.php(141): CWebApplication->runController('themes/default/...')
#1 E:\Soft\web\wamp\www\yii.loc\framework\base\CApplication.php(180): CWebApplication->processRequest()
#2 E:\Soft\web\wamp\www\yii.loc\index.php(13): CApplication->run()
#3 {main}
REQUEST_URI=/themes/default/assets/css/admin/styles.css
HTTP_REFERER=http://yii.loc/admin
---
2014/03/27 18:31:56 [error] [php] include(User.php): failed to open stream: No such file or directory (E:\Soft\web\wamp\www\yii.loc\framework\YiiBase.php:427)
Stack trace:
#0 E:\Soft\web\wamp\www\yii.loc\protected\components\UserIdentity.php(15): spl_autoload_call()
#1 E:\Soft\web\wamp\www\yii.loc\protected\models\LoginForm.php(52): UserIdentity->authenticate()
#2 E:\Soft\web\wamp\www\yii.loc\framework\validators\CInlineValidator.php(42): LoginForm->authenticate()
#3 E:\Soft\web\wamp\www\yii.loc\framework\validators\CValidator.php(213): CInlineValidator->validateAttribute()
#4 E:\Soft\web\wamp\www\yii.loc\framework\base\CModel.php(159): CInlineValidator->validate()
#5 E:\Soft\web\wamp\www\yii.loc\protected\controllers\SiteController.php(94): LoginForm->validate()
#6 E:\Soft\web\wamp\www\yii.loc\framework\web\actions\CInlineAction.php(49): SiteController->actionLogin()
#7 E:\Soft\web\wamp\www\yii.loc\framework\web\CController.php(308): CInlineAction->runWithParams()
#8 E:\Soft\web\wamp\www\yii.loc\framework\web\CController.php(286): SiteController->runAction()
#9 E:\Soft\web\wamp\www\yii.loc\framework\web\CController.php(265): SiteController->runActionWithFilters()
#10 E:\Soft\web\wamp\www\yii.loc\framework\web\CWebApplication.php(282): SiteController->run()
#11 E:\Soft\web\wamp\www\yii.loc\framework\web\CWebApplication.php(141): CWebApplication->runController()
#12 E:\Soft\web\wamp\www\yii.loc\framework\base\CApplication.php(180): CWebApplication->processRequest()
#13 E:\Soft\web\wamp\www\yii.loc\index.php(13): CWebApplication->run()
REQUEST_URI=/site/login
in E:\Soft\web\wamp\www\yii.loc\protected\components\UserIdentity.php (15)
in E:\Soft\web\wamp\www\yii.loc\protected\models\LoginForm.php (52)
in E:\Soft\web\wamp\www\yii.loc\protected\controllers\SiteController.php (94)
2014/03/27 18:33:21 [error] [php] include(User.php): failed to open stream: No such file or directory (E:\Soft\web\wamp\www\yii.loc\framework\YiiBase.php:427)
Stack trace:
#0 E:\Soft\web\wamp\www\yii.loc\protected\components\UserIdentity.php(15): spl_autoload_call()
#1 E:\Soft\web\wamp\www\yii.loc\protected\models\LoginForm.php(52): UserIdentity->authenticate()
#2 E:\Soft\web\wamp\www\yii.loc\framework\validators\CInlineValidator.php(42): LoginForm->authenticate()
#3 E:\Soft\web\wamp\www\yii.loc\framework\validators\CValidator.php(213): CInlineValidator->validateAttribute()
#4 E:\Soft\web\wamp\www\yii.loc\framework\base\CModel.php(159): CInlineValidator->validate()
#5 E:\Soft\web\wamp\www\yii.loc\protected\controllers\SiteController.php(94): LoginForm->validate()
#6 E:\Soft\web\wamp\www\yii.loc\framework\web\actions\CInlineAction.php(49): SiteController->actionLogin()
#7 E:\Soft\web\wamp\www\yii.loc\framework\web\CController.php(308): CInlineAction->runWithParams()
#8 E:\Soft\web\wamp\www\yii.loc\framework\web\CController.php(286): SiteController->runAction()
#9 E:\Soft\web\wamp\www\yii.loc\framework\web\CController.php(265): SiteController->runActionWithFilters()
#10 E:\Soft\web\wamp\www\yii.loc\framework\web\CWebApplication.php(282): SiteController->run()
#11 E:\Soft\web\wamp\www\yii.loc\framework\web\CWebApplication.php(141): CWebApplication->runController()
#12 E:\Soft\web\wamp\www\yii.loc\framework\base\CApplication.php(180): CWebApplication->processRequest()
#13 E:\Soft\web\wamp\www\yii.loc\index.php(13): CWebApplication->run()
REQUEST_URI=/site/login
in E:\Soft\web\wamp\www\yii.loc\protected\components\UserIdentity.php (15)
in E:\Soft\web\wamp\www\yii.loc\protected\models\LoginForm.php (52)
in E:\Soft\web\wamp\www\yii.loc\protected\controllers\SiteController.php (94)
2014/03/27 18:33:23 [error] [php] include(User.php): failed to open stream: No such file or directory (E:\Soft\web\wamp\www\yii.loc\framework\YiiBase.php:427)
Stack trace:
#0 E:\Soft\web\wamp\www\yii.loc\protected\components\UserIdentity.php(15): spl_autoload_call()
#1 E:\Soft\web\wamp\www\yii.loc\protected\models\LoginForm.php(52): UserIdentity->authenticate()
#2 E:\Soft\web\wamp\www\yii.loc\framework\validators\CInlineValidator.php(42): LoginForm->authenticate()
#3 E:\Soft\web\wamp\www\yii.loc\framework\validators\CValidator.php(213): CInlineValidator->validateAttribute()
#4 E:\Soft\web\wamp\www\yii.loc\framework\base\CModel.php(159): CInlineValidator->validate()
#5 E:\Soft\web\wamp\www\yii.loc\protected\controllers\SiteController.php(94): LoginForm->validate()
#6 E:\Soft\web\wamp\www\yii.loc\framework\web\actions\CInlineAction.php(49): SiteController->actionLogin()
#7 E:\Soft\web\wamp\www\yii.loc\framework\web\CController.php(308): CInlineAction->runWithParams()
#8 E:\Soft\web\wamp\www\yii.loc\framework\web\CController.php(286): SiteController->runAction()
#9 E:\Soft\web\wamp\www\yii.loc\framework\web\CController.php(265): SiteController->runActionWithFilters()
#10 E:\Soft\web\wamp\www\yii.loc\framework\web\CWebApplication.php(282): SiteController->run()
#11 E:\Soft\web\wamp\www\yii.loc\framework\web\CWebApplication.php(141): CWebApplication->runController()
#12 E:\Soft\web\wamp\www\yii.loc\framework\base\CApplication.php(180): CWebApplication->processRequest()
#13 E:\Soft\web\wamp\www\yii.loc\index.php(13): CWebApplication->run()
REQUEST_URI=/site/login
in E:\Soft\web\wamp\www\yii.loc\protected\components\UserIdentity.php (15)
in E:\Soft\web\wamp\www\yii.loc\protected\models\LoginForm.php (52)
in E:\Soft\web\wamp\www\yii.loc\protected\controllers\SiteController.php (94)
2014/03/27 18:33:25 [error] [php] include(User.php): failed to open stream: No such file or directory (E:\Soft\web\wamp\www\yii.loc\framework\YiiBase.php:427)
Stack trace:
#0 E:\Soft\web\wamp\www\yii.loc\protected\components\UserIdentity.php(15): spl_autoload_call()
#1 E:\Soft\web\wamp\www\yii.loc\protected\models\LoginForm.php(52): UserIdentity->authenticate()
#2 E:\Soft\web\wamp\www\yii.loc\framework\validators\CInlineValidator.php(42): LoginForm->authenticate()
#3 E:\Soft\web\wamp\www\yii.loc\framework\validators\CValidator.php(213): CInlineValidator->validateAttribute()
#4 E:\Soft\web\wamp\www\yii.loc\framework\base\CModel.php(159): CInlineValidator->validate()
#5 E:\Soft\web\wamp\www\yii.loc\protected\controllers\SiteController.php(94): LoginForm->validate()
#6 E:\Soft\web\wamp\www\yii.loc\framework\web\actions\CInlineAction.php(49): SiteController->actionLogin()
#7 E:\Soft\web\wamp\www\yii.loc\framework\web\CController.php(308): CInlineAction->runWithParams()
#8 E:\Soft\web\wamp\www\yii.loc\framework\web\CController.php(286): SiteController->runAction()
#9 E:\Soft\web\wamp\www\yii.loc\framework\web\CController.php(265): SiteController->runActionWithFilters()
#10 E:\Soft\web\wamp\www\yii.loc\framework\web\CWebApplication.php(282): SiteController->run()
#11 E:\Soft\web\wamp\www\yii.loc\framework\web\CWebApplication.php(141): CWebApplication->runController()
#12 E:\Soft\web\wamp\www\yii.loc\framework\base\CApplication.php(180): CWebApplication->processRequest()
#13 E:\Soft\web\wamp\www\yii.loc\index.php(13): CWebApplication->run()
REQUEST_URI=/site/login
in E:\Soft\web\wamp\www\yii.loc\protected\components\UserIdentity.php (15)
in E:\Soft\web\wamp\www\yii.loc\protected\models\LoginForm.php (52)
in E:\Soft\web\wamp\www\yii.loc\protected\controllers\SiteController.php (94)
2014/03/27 18:33:27 [error] [php] include(User.php): failed to open stream: No such file or directory (E:\Soft\web\wamp\www\yii.loc\framework\YiiBase.php:427)
Stack trace:
#0 E:\Soft\web\wamp\www\yii.loc\protected\components\UserIdentity.php(15): spl_autoload_call()
#1 E:\Soft\web\wamp\www\yii.loc\protected\models\LoginForm.php(52): UserIdentity->authenticate()
#2 E:\Soft\web\wamp\www\yii.loc\framework\validators\CInlineValidator.php(42): LoginForm->authenticate()
#3 E:\Soft\web\wamp\www\yii.loc\framework\validators\CValidator.php(213): CInlineValidator->validateAttribute()
#4 E:\Soft\web\wamp\www\yii.loc\framework\base\CModel.php(159): CInlineValidator->validate()
#5 E:\Soft\web\wamp\www\yii.loc\protected\controllers\SiteController.php(94): LoginForm->validate()
#6 E:\Soft\web\wamp\www\yii.loc\framework\web\actions\CInlineAction.php(49): SiteController->actionLogin()
#7 E:\Soft\web\wamp\www\yii.loc\framework\web\CController.php(308): CInlineAction->runWithParams()
#8 E:\Soft\web\wamp\www\yii.loc\framework\web\CController.php(286): SiteController->runAction()
#9 E:\Soft\web\wamp\www\yii.loc\framework\web\CController.php(265): SiteController->runActionWithFilters()
#10 E:\Soft\web\wamp\www\yii.loc\framework\web\CWebApplication.php(282): SiteController->run()
#11 E:\Soft\web\wamp\www\yii.loc\framework\web\CWebApplication.php(141): CWebApplication->runController()
#12 E:\Soft\web\wamp\www\yii.loc\framework\base\CApplication.php(180): CWebApplication->processRequest()
#13 E:\Soft\web\wamp\www\yii.loc\index.php(13): CWebApplication->run()
REQUEST_URI=/site/login
in E:\Soft\web\wamp\www\yii.loc\protected\components\UserIdentity.php (15)
in E:\Soft\web\wamp\www\yii.loc\protected\models\LoginForm.php (52)
in E:\Soft\web\wamp\www\yii.loc\protected\controllers\SiteController.php (94)
2014/03/27 18:50:21 [error] [exception.CHttpException.404] exception 'CHttpException' with message 'Невозможно обработать запрос "userlogin".' in E:\Soft\web\wamp\www\yii.loc\framework\web\CWebApplication.php:286
Stack trace:
#0 E:\Soft\web\wamp\www\yii.loc\framework\web\CWebApplication.php(141): CWebApplication->runController('userlogin')
#1 E:\Soft\web\wamp\www\yii.loc\framework\base\CApplication.php(180): CWebApplication->processRequest()
#2 E:\Soft\web\wamp\www\yii.loc\index.php(13): CApplication->run()
#3 {main}
REQUEST_URI=/userlogin
---
2014/03/28 11:46:44 [error] [exception.CHttpException.404] exception 'CHttpException' with message 'Невозможно обработать запрос "favicon.ico".' in E:\Soft\web\wamp\www\yii.loc\framework\web\CWebApplication.php:286
Stack trace:
#0 E:\Soft\web\wamp\www\yii.loc\framework\web\CWebApplication.php(141): CWebApplication->runController('favicon.ico')
#1 E:\Soft\web\wamp\www\yii.loc\framework\base\CApplication.php(180): CWebApplication->processRequest()
#2 E:\Soft\web\wamp\www\yii.loc\index.php(13): CApplication->run()
#3 {main}
REQUEST_URI=/favicon.ico
---
2014/03/28 11:46:45 [error] [exception.CHttpException.404] exception 'CHttpException' with message 'Невозможно обработать запрос "favicon.ico".' in E:\Soft\web\wamp\www\yii.loc\framework\web\CWebApplication.php:286
Stack trace:
#0 E:\Soft\web\wamp\www\yii.loc\framework\web\CWebApplication.php(141): CWebApplication->runController('favicon.ico')
#1 E:\Soft\web\wamp\www\yii.loc\framework\base\CApplication.php(180): CWebApplication->processRequest()
#2 E:\Soft\web\wamp\www\yii.loc\index.php(13): CApplication->run()
#3 {main}
REQUEST_URI=/favicon.ico
---
